{
  "0 debug pnpm:scope": {
    "selected": 1,
    "workspacePrefix": "/Users/cfl/git/vue3/cfl-element-plus"
  },
  "1 info pnpm": {
    "err": {
      "name": "Error",
      "message": "not found: o",
      "code": "ENOENT",
      "stack": "Error: not found: o\n    at getNotFoundError (/Users/cfl/.nvm/versions/node/v14.15.4/lib/node_modules/pnpm/dist/pnpm.cjs:48028:51)\n    at Function.whichSync [as sync] (/Users/cfl/.nvm/versions/node/v14.15.4/lib/node_modules/pnpm/dist/pnpm.cjs:48105:13)\n    at getCommandAbsolutePathSync (/Users/cfl/.nvm/versions/node/v14.15.4/lib/node_modules/pnpm/dist/pnpm.cjs:49670:44)\n    at Object.default_1 [as default] (/Users/cfl/.nvm/versions/node/v14.15.4/lib/node_modules/pnpm/dist/pnpm.cjs:49679:32)\n    at /Users/cfl/.nvm/versions/node/v14.15.4/lib/node_modules/pnpm/dist/pnpm.cjs:129930:34"
    }
  },
  "2 error pnpm": {
    "code": "ERR_PNPM_RECURSIVE_EXEC_FIRST_FAIL",
    "prefix": "/Users/cfl/git/vue3/cfl-element-plus/packages/demovue",
    "err": {
      "name": "pnpm",
      "message": "not found: o",
      "code": "ERR_PNPM_RECURSIVE_EXEC_FIRST_FAIL",
      "stack": "Error: not found: o\n    at getNotFoundError (/Users/cfl/.nvm/versions/node/v14.15.4/lib/node_modules/pnpm/dist/pnpm.cjs:48028:51)\n    at Function.whichSync [as sync] (/Users/cfl/.nvm/versions/node/v14.15.4/lib/node_modules/pnpm/dist/pnpm.cjs:48105:13)\n    at getCommandAbsolutePathSync (/Users/cfl/.nvm/versions/node/v14.15.4/lib/node_modules/pnpm/dist/pnpm.cjs:49670:44)\n    at Object.default_1 [as default] (/Users/cfl/.nvm/versions/node/v14.15.4/lib/node_modules/pnpm/dist/pnpm.cjs:49679:32)\n    at /Users/cfl/.nvm/versions/node/v14.15.4/lib/node_modules/pnpm/dist/pnpm.cjs:129930:34"
    }
  }
}